D:\CODE\PROJECTS\DODGE\DODGE\VCPP\DODGE\RELEASE\FCONTAINS.OBJ
D:\CODE\PROJECTS\DODGE\DODGE\VCPP\DODGE\RELEASE\FAREEQUAL.OBJ
D:\CODE\PROJECTS\DODGE\DODGE\VCPP\DODGE\RELEASE\COMMON.OBJ
D:\CODE\PROJECTS\DODGE\DODGE\VCPP\DODGE\RELEASE\MAPLOADER.OBJ
D:\CODE\PROJECTS\DODGE\DODGE\VCPP\DODGE\RELEASE\KVPPARSER.OBJ
D:\CODE\PROJECTS\DODGE\DODGE\VCPP\DODGE\RELEASE\GLOBALS.OBJ
D:\CODE\PROJECTS\DODGE\DODGE\VCPP\DODGE\RELEASE\EXCEPTION.OBJ
D:\CODE\PROJECTS\DODGE\DODGE\VCPP\DODGE\RELEASE\EVENTMANAGER.OBJ
D:\CODE\PROJECTS\DODGE\DODGE\VCPP\DODGE\RELEASE\ENTITYTRANSFORMATIONS.OBJ
D:\CODE\PROJECTS\DODGE\DODGE\VCPP\DODGE\RELEASE\ENTITYPARALLAX.OBJ
D:\CODE\PROJECTS\DODGE\DODGE\VCPP\DODGE\RELEASE\ENTITYANIMATIONS.OBJ
D:\CODE\PROJECTS\DODGE\DODGE\VCPP\DODGE\RELEASE\ENTITY.OBJ
D:\CODE\PROJECTS\DODGE\DODGE\VCPP\DODGE\RELEASE\EEVENT.OBJ
D:\CODE\PROJECTS\DODGE\DODGE\VCPP\DODGE\RELEASE\BOX2DPHYSICS.OBJ
D:\CODE\PROJECTS\DODGE\DODGE\VCPP\DODGE\RELEASE\SOUND.OBJ
D:\CODE\PROJECTS\DODGE\DODGE\VCPP\DODGE\RELEASE\MUSICTRACK.OBJ
D:\CODE\PROJECTS\DODGE\DODGE\VCPP\DODGE\RELEASE\AUDIO.OBJ
D:\CODE\PROJECTS\DODGE\DODGE\VCPP\DODGE\RELEASE\ASSETMANAGER.OBJ
D:\CODE\PROJECTS\DODGE\DODGE\VCPP\DODGE\RELEASE\ANIMFRAME.OBJ
D:\CODE\PROJECTS\DODGE\DODGE\VCPP\DODGE\RELEASE\ANIMATION.OBJ
D:\CODE\PROJECTS\DODGE\DODGE\VCPP\DODGE\RELEASE\TEXTURE.OBJ
D:\CODE\PROJECTS\DODGE\DODGE\VCPP\DODGE\RELEASE\RENDERMODE.OBJ
D:\CODE\PROJECTS\DODGE\DODGE\VCPP\DODGE\RELEASE\RENDERER.OBJ
D:\CODE\PROJECTS\DODGE\DODGE\VCPP\DODGE\RELEASE\NONTEXTUREDALPHAMODE.OBJ
D:\CODE\PROJECTS\DODGE\DODGE\VCPP\DODGE\RELEASE\FIXEDFUNCTIONMODE.OBJ
D:\CODE\PROJECTS\DODGE\DODGE\VCPP\DODGE\RELEASE\COLOUR.OBJ
D:\CODE\PROJECTS\DODGE\DODGE\VCPP\DODGE\RELEASE\FONT.OBJ
D:\CODE\PROJECTS\DODGE\DODGE\VCPP\DODGE\RELEASE\CAMERA.OBJ
D:\CODE\PROJECTS\DODGE\DODGE\VCPP\DODGE\RELEASE\RANGE.OBJ
D:\CODE\PROJECTS\DODGE\DODGE\VCPP\DODGE\RELEASE\PARALLAXSPRITE.OBJ
D:\CODE\PROJECTS\DODGE\DODGE\VCPP\DODGE\RELEASE\VEC3I.OBJ
D:\CODE\PROJECTS\DODGE\DODGE\VCPP\DODGE\RELEASE\VEC3F.OBJ
D:\CODE\PROJECTS\DODGE\DODGE\VCPP\DODGE\RELEASE\VEC2I.OBJ
D:\CODE\PROJECTS\DODGE\DODGE\VCPP\DODGE\RELEASE\VEC2F.OBJ
D:\CODE\PROJECTS\DODGE\DODGE\VCPP\DODGE\RELEASE\QUAD.OBJ
D:\CODE\PROJECTS\DODGE\DODGE\VCPP\DODGE\RELEASE\POLYGON.OBJ
D:\CODE\PROJECTS\DODGE\DODGE\VCPP\DODGE\RELEASE\LINESEGMENT.OBJ
D:\CODE\PROJECTS\DODGE\DODGE\VCPP\DODGE\RELEASE\ELLIPSE.OBJ
D:\CODE\PROJECTS\DODGE\DODGE\VCPP\DODGE\RELEASE\FOVERLAP.OBJ
D:\CODE\PROJECTS\DODGE\DODGE\VCPP\DODGE\RELEASE\FINTERSECT.OBJ
D:\CODE\PROJECTS\DODGE\DODGE\VCPP\DODGE\RELEASE\XMLNODE.OBJ
D:\CODE\PROJECTS\DODGE\DODGE\VCPP\DODGE\RELEASE\XMLDOCUMENT.OBJ
D:\CODE\PROJECTS\DODGE\DODGE\VCPP\DODGE\RELEASE\XMLATTRIBUTE.OBJ
D:\CODE\PROJECTS\DODGE\DODGE\VCPP\DODGE\RELEASE\WORLDSPACE.OBJ
D:\CODE\PROJECTS\DODGE\DODGE\VCPP\DODGE\RELEASE\WINIO.OBJ
D:\CODE\PROJECTS\DODGE\DODGE\VCPP\DODGE\RELEASE\TIMER.OBJ
D:\CODE\PROJECTS\DODGE\DODGE\VCPP\DODGE\RELEASE\UIBUTTON.OBJ
D:\CODE\PROJECTS\DODGE\DODGE\VCPP\DODGE\RELEASE\ENTITYUI.OBJ
D:\CODE\PROJECTS\DODGE\DODGE\VCPP\DODGE\RELEASE\TRANSPART.OBJ
D:\CODE\PROJECTS\DODGE\DODGE\VCPP\DODGE\RELEASE\TRANSFORMATION.OBJ
D:\CODE\PROJECTS\DODGE\DODGE\VCPP\DODGE\RELEASE\TEXTENTITY.OBJ
D:\CODE\PROJECTS\DODGE\DODGE\VCPP\DODGE\RELEASE\STRINGID.OBJ
D:\CODE\PROJECTS\DODGE\DODGE\VCPP\DODGE\RELEASE\STACKALLOCATOR.OBJ
D:\CODE\PROJECTS\DODGE\DODGE\VCPP\DODGE\RELEASE\SPRITE.OBJ
D:\CODE\PROJECTS\DODGE\DODGE\VCPP\DODGE\RELEASE\SHAPEFACTORY.OBJ
D:\CODE\PROJECTS\DODGE\DODGE\VCPP\DODGE\RELEASE\SCENEGRAPH.OBJ
D:\CODE\PROJECTS\DODGE\DODGE\VCPP\DODGE\RELEASE\TEXTUREDALPHAMODE.OBJ
D:\CODE\PROJECTS\DODGE\DODGE\VCPP\DODGE\RELEASE\VC110.PDB
D:\CODE\PROJECTS\DODGE\DODGE\LIB\DODGE.LIB
D:\Code\projects\Dodge\Dodge\vcpp\Dodge\Release\Animation.obj
D:\Code\projects\Dodge\Dodge\vcpp\Dodge\Release\AnimFrame.obj
D:\Code\projects\Dodge\Dodge\vcpp\Dodge\Release\AssetManager.obj
D:\Code\projects\Dodge\Dodge\vcpp\Dodge\Release\Audio.obj
D:\Code\projects\Dodge\Dodge\vcpp\Dodge\Release\Box2dPhysics.obj
D:\Code\projects\Dodge\Dodge\vcpp\Dodge\Release\Camera.obj
D:\Code\projects\Dodge\Dodge\vcpp\Dodge\Release\Colour.obj
D:\Code\projects\Dodge\Dodge\vcpp\Dodge\Release\common.obj
D:\Code\projects\Dodge\Dodge\vcpp\Dodge\Release\EEvent.obj
D:\Code\projects\Dodge\Dodge\vcpp\Dodge\Release\Ellipse.obj
D:\Code\projects\Dodge\Dodge\vcpp\Dodge\Release\Entity.obj
D:\Code\projects\Dodge\Dodge\vcpp\Dodge\Release\EntityAnimations.obj
D:\Code\projects\Dodge\Dodge\vcpp\Dodge\Release\EntityParallax.obj
D:\Code\projects\Dodge\Dodge\vcpp\Dodge\Release\EntityTransformations.obj
D:\Code\projects\Dodge\Dodge\vcpp\Dodge\Release\EntityUi.obj
D:\Code\projects\Dodge\Dodge\vcpp\Dodge\Release\EventManager.obj
D:\Code\projects\Dodge\Dodge\vcpp\Dodge\Release\Exception.obj
D:\Code\projects\Dodge\Dodge\vcpp\Dodge\Release\fAreEqual.obj
D:\Code\projects\Dodge\Dodge\vcpp\Dodge\Release\fContains.obj
D:\Code\projects\Dodge\Dodge\vcpp\Dodge\Release\fIntersect.obj
D:\Code\projects\Dodge\Dodge\vcpp\Dodge\Release\FixedFunctionMode.obj
D:\Code\projects\Dodge\Dodge\vcpp\Dodge\Release\Font.obj
D:\Code\projects\Dodge\Dodge\vcpp\Dodge\Release\fOverlap.obj
D:\Code\projects\Dodge\Dodge\vcpp\Dodge\Release\globals.obj
D:\Code\projects\Dodge\Dodge\vcpp\Dodge\Release\KvpParser.obj
D:\Code\projects\Dodge\Dodge\vcpp\Dodge\Release\LineSegment.obj
D:\Code\projects\Dodge\Dodge\vcpp\Dodge\Release\MapLoader.obj
D:\Code\projects\Dodge\Dodge\vcpp\Dodge\Release\MusicTrack.obj
D:\Code\projects\Dodge\Dodge\vcpp\Dodge\Release\NonTexturedAlphaMode.obj
D:\Code\projects\Dodge\Dodge\vcpp\Dodge\Release\ParallaxSprite.obj
D:\Code\projects\Dodge\Dodge\vcpp\Dodge\Release\Polygon.obj
D:\Code\projects\Dodge\Dodge\vcpp\Dodge\Release\Quad.obj
D:\Code\projects\Dodge\Dodge\vcpp\Dodge\Release\Range.obj
D:\Code\projects\Dodge\Dodge\vcpp\Dodge\Release\Renderer.obj
D:\Code\projects\Dodge\Dodge\vcpp\Dodge\Release\RenderMode.obj
D:\Code\projects\Dodge\Dodge\vcpp\Dodge\Release\SceneGraph.obj
D:\Code\projects\Dodge\Dodge\vcpp\Dodge\Release\ShapeFactory.obj
D:\Code\projects\Dodge\Dodge\vcpp\Dodge\Release\Sound.obj
D:\Code\projects\Dodge\Dodge\vcpp\Dodge\Release\Sprite.obj
D:\Code\projects\Dodge\Dodge\vcpp\Dodge\Release\StackAllocator.obj
D:\Code\projects\Dodge\Dodge\vcpp\Dodge\Release\StringId.obj
D:\Code\projects\Dodge\Dodge\vcpp\Dodge\Release\TextEntity.obj
D:\Code\projects\Dodge\Dodge\vcpp\Dodge\Release\Texture.obj
D:\Code\projects\Dodge\Dodge\vcpp\Dodge\Release\TexturedAlphaMode.obj
D:\Code\projects\Dodge\Dodge\vcpp\Dodge\Release\Timer.obj
D:\Code\projects\Dodge\Dodge\vcpp\Dodge\Release\Transformation.obj
D:\Code\projects\Dodge\Dodge\vcpp\Dodge\Release\TransPart.obj
D:\Code\projects\Dodge\Dodge\vcpp\Dodge\Release\UiButton.obj
D:\Code\projects\Dodge\Dodge\vcpp\Dodge\Release\Vec2f.obj
D:\Code\projects\Dodge\Dodge\vcpp\Dodge\Release\Vec2i.obj
D:\Code\projects\Dodge\Dodge\vcpp\Dodge\Release\Vec3f.obj
D:\Code\projects\Dodge\Dodge\vcpp\Dodge\Release\Vec3i.obj
D:\Code\projects\Dodge\Dodge\vcpp\Dodge\Release\WinIO.obj
D:\Code\projects\Dodge\Dodge\vcpp\Dodge\Release\WorldSpace.obj
D:\Code\projects\Dodge\Dodge\vcpp\Dodge\Release\XmlAttribute.obj
D:\Code\projects\Dodge\Dodge\vcpp\Dodge\Release\XmlDocument.obj
D:\Code\projects\Dodge\Dodge\vcpp\Dodge\Release\XmlNode.obj
D:\Code\projects\Dodge\Dodge\vcpp\Dodge\Release\cl.command.1.tlog
D:\Code\projects\Dodge\Dodge\vcpp\Dodge\Release\CL.read.1.tlog
D:\Code\projects\Dodge\Dodge\vcpp\Dodge\Release\CL.write.1.tlog
D:\Code\projects\Dodge\Dodge\vcpp\Dodge\Release\Lib-link.read.1.tlog
D:\Code\projects\Dodge\Dodge\vcpp\Dodge\Release\Lib-link.write.1.tlog
D:\Code\projects\Dodge\Dodge\vcpp\Dodge\Release\lib.command.1.tlog
D:\Code\projects\Dodge\Dodge\vcpp\Dodge\Release\vc110.pdb
D:\Code\projects\Dodge\Dodge\vcpp\Dodge\..\..\lib\Dodge.lib
