D:\CODE\PROJECTS\DODGE\DODGE\VCPP\DODGE\DEBUG\RENDERER.OBJ
D:\CODE\PROJECTS\DODGE\DODGE\VCPP\DODGE\DEBUG\RENDERMODE.OBJ
D:\CODE\PROJECTS\DODGE\DODGE\VCPP\DODGE\DEBUG\TEXTURE.OBJ
D:\CODE\PROJECTS\DODGE\DODGE\VCPP\DODGE\DEBUG\TEXTUREDALPHAMODE.OBJ
D:\CODE\PROJECTS\DODGE\DODGE\VCPP\DODGE\DEBUG\SCENEGRAPH.OBJ
D:\CODE\PROJECTS\DODGE\DODGE\VCPP\DODGE\DEBUG\SHAPEFACTORY.OBJ
D:\CODE\PROJECTS\DODGE\DODGE\VCPP\DODGE\DEBUG\SPRITE.OBJ
D:\CODE\PROJECTS\DODGE\DODGE\VCPP\DODGE\DEBUG\STACKALLOCATOR.OBJ
D:\CODE\PROJECTS\DODGE\DODGE\VCPP\DODGE\DEBUG\STRINGID.OBJ
D:\CODE\PROJECTS\DODGE\DODGE\VCPP\DODGE\DEBUG\TEXTENTITY.OBJ
D:\CODE\PROJECTS\DODGE\DODGE\VCPP\DODGE\DEBUG\TRANSFORMATION.OBJ
D:\CODE\PROJECTS\DODGE\DODGE\VCPP\DODGE\DEBUG\TRANSPART.OBJ
D:\CODE\PROJECTS\DODGE\DODGE\VCPP\DODGE\DEBUG\ENTITYUI.OBJ
D:\CODE\PROJECTS\DODGE\DODGE\VCPP\DODGE\DEBUG\UIBUTTON.OBJ
D:\CODE\PROJECTS\DODGE\DODGE\VCPP\DODGE\DEBUG\TIMER.OBJ
D:\CODE\PROJECTS\DODGE\DODGE\VCPP\DODGE\DEBUG\WINIO.OBJ
D:\CODE\PROJECTS\DODGE\DODGE\VCPP\DODGE\DEBUG\WORLDSPACE.OBJ
D:\CODE\PROJECTS\DODGE\DODGE\VCPP\DODGE\DEBUG\XMLATTRIBUTE.OBJ
D:\CODE\PROJECTS\DODGE\DODGE\VCPP\DODGE\DEBUG\XMLDOCUMENT.OBJ
D:\CODE\PROJECTS\DODGE\DODGE\VCPP\DODGE\DEBUG\XMLNODE.OBJ
D:\CODE\PROJECTS\DODGE\DODGE\VCPP\DODGE\DEBUG\FAREEQUAL.OBJ
D:\CODE\PROJECTS\DODGE\DODGE\VCPP\DODGE\DEBUG\FCONTAINS.OBJ
D:\CODE\PROJECTS\DODGE\DODGE\VCPP\DODGE\DEBUG\FINTERSECT.OBJ
D:\CODE\PROJECTS\DODGE\DODGE\VCPP\DODGE\DEBUG\FOVERLAP.OBJ
D:\CODE\PROJECTS\DODGE\DODGE\VCPP\DODGE\DEBUG\ELLIPSE.OBJ
D:\CODE\PROJECTS\DODGE\DODGE\VCPP\DODGE\DEBUG\LINESEGMENT.OBJ
D:\CODE\PROJECTS\DODGE\DODGE\VCPP\DODGE\DEBUG\POLYGON.OBJ
D:\CODE\PROJECTS\DODGE\DODGE\VCPP\DODGE\DEBUG\QUAD.OBJ
D:\CODE\PROJECTS\DODGE\DODGE\VCPP\DODGE\DEBUG\VEC2F.OBJ
D:\CODE\PROJECTS\DODGE\DODGE\VCPP\DODGE\DEBUG\VEC2I.OBJ
D:\CODE\PROJECTS\DODGE\DODGE\VCPP\DODGE\DEBUG\VEC3F.OBJ
D:\CODE\PROJECTS\DODGE\DODGE\VCPP\DODGE\DEBUG\VEC3I.OBJ
D:\CODE\PROJECTS\DODGE\DODGE\VCPP\DODGE\DEBUG\PARALLAXSPRITE.OBJ
D:\CODE\PROJECTS\DODGE\DODGE\VCPP\DODGE\DEBUG\RANGE.OBJ
D:\CODE\PROJECTS\DODGE\DODGE\VCPP\DODGE\DEBUG\CAMERA.OBJ
D:\CODE\PROJECTS\DODGE\DODGE\VCPP\DODGE\DEBUG\FONT.OBJ
D:\CODE\PROJECTS\DODGE\DODGE\VCPP\DODGE\DEBUG\MODEL.OBJ
D:\CODE\PROJECTS\DODGE\DODGE\VCPP\DODGE\DEBUG\COLOUR.OBJ
D:\CODE\PROJECTS\DODGE\DODGE\VCPP\DODGE\DEBUG\FIXEDFUNCTIONMODE.OBJ
D:\CODE\PROJECTS\DODGE\DODGE\VCPP\DODGE\DEBUG\NONTEXTUREDALPHAMODE.OBJ
D:\CODE\PROJECTS\DODGE\DODGE\VCPP\DODGE\DEBUG\ANIMATION.OBJ
D:\CODE\PROJECTS\DODGE\DODGE\VCPP\DODGE\DEBUG\ANIMFRAME.OBJ
D:\CODE\PROJECTS\DODGE\DODGE\VCPP\DODGE\DEBUG\ASSETMANAGER.OBJ
D:\CODE\PROJECTS\DODGE\DODGE\VCPP\DODGE\DEBUG\AUDIO.OBJ
D:\CODE\PROJECTS\DODGE\DODGE\VCPP\DODGE\DEBUG\MUSICTRACK.OBJ
D:\CODE\PROJECTS\DODGE\DODGE\VCPP\DODGE\DEBUG\SOUND.OBJ
D:\CODE\PROJECTS\DODGE\DODGE\VCPP\DODGE\DEBUG\BOX2DPHYSICS.OBJ
D:\CODE\PROJECTS\DODGE\DODGE\VCPP\DODGE\DEBUG\EEVENT.OBJ
D:\CODE\PROJECTS\DODGE\DODGE\VCPP\DODGE\DEBUG\ENTITY.OBJ
D:\CODE\PROJECTS\DODGE\DODGE\VCPP\DODGE\DEBUG\ENTITYANIMATIONS.OBJ
D:\CODE\PROJECTS\DODGE\DODGE\VCPP\DODGE\DEBUG\ENTITYPARALLAX.OBJ
D:\CODE\PROJECTS\DODGE\DODGE\VCPP\DODGE\DEBUG\ENTITYTRANSFORMATIONS.OBJ
D:\CODE\PROJECTS\DODGE\DODGE\VCPP\DODGE\DEBUG\EVENTMANAGER.OBJ
D:\CODE\PROJECTS\DODGE\DODGE\VCPP\DODGE\DEBUG\EXCEPTION.OBJ
D:\CODE\PROJECTS\DODGE\DODGE\VCPP\DODGE\DEBUG\GLOBALS.OBJ
D:\CODE\PROJECTS\DODGE\DODGE\VCPP\DODGE\DEBUG\KVPPARSER.OBJ
D:\CODE\PROJECTS\DODGE\DODGE\VCPP\DODGE\DEBUG\MAPLOADER.OBJ
D:\CODE\PROJECTS\DODGE\DODGE\VCPP\DODGE\DEBUG\COMMON.OBJ
D:\CODE\PROJECTS\DODGE\DODGE\VCPP\DODGE\DEBUG\VC110.PDB
D:\CODE\PROJECTS\DODGE\DODGE\LIB\DODGE.LIB
D:\Code\projects\Dodge\Dodge\vcpp\Dodge\Debug\Animation.obj
D:\Code\projects\Dodge\Dodge\vcpp\Dodge\Debug\AnimFrame.obj
D:\Code\projects\Dodge\Dodge\vcpp\Dodge\Debug\AssetManager.obj
D:\Code\projects\Dodge\Dodge\vcpp\Dodge\Debug\Audio.obj
D:\Code\projects\Dodge\Dodge\vcpp\Dodge\Debug\Box2dPhysics.obj
D:\Code\projects\Dodge\Dodge\vcpp\Dodge\Debug\Camera.obj
D:\Code\projects\Dodge\Dodge\vcpp\Dodge\Debug\Colour.obj
D:\Code\projects\Dodge\Dodge\vcpp\Dodge\Debug\common.obj
D:\Code\projects\Dodge\Dodge\vcpp\Dodge\Debug\EEvent.obj
D:\Code\projects\Dodge\Dodge\vcpp\Dodge\Debug\Ellipse.obj
D:\Code\projects\Dodge\Dodge\vcpp\Dodge\Debug\Entity.obj
D:\Code\projects\Dodge\Dodge\vcpp\Dodge\Debug\EntityAnimations.obj
D:\Code\projects\Dodge\Dodge\vcpp\Dodge\Debug\EntityParallax.obj
D:\Code\projects\Dodge\Dodge\vcpp\Dodge\Debug\EntityTransformations.obj
D:\Code\projects\Dodge\Dodge\vcpp\Dodge\Debug\EntityUi.obj
D:\Code\projects\Dodge\Dodge\vcpp\Dodge\Debug\EventManager.obj
D:\Code\projects\Dodge\Dodge\vcpp\Dodge\Debug\Exception.obj
D:\Code\projects\Dodge\Dodge\vcpp\Dodge\Debug\fAreEqual.obj
D:\Code\projects\Dodge\Dodge\vcpp\Dodge\Debug\fContains.obj
D:\Code\projects\Dodge\Dodge\vcpp\Dodge\Debug\fIntersect.obj
D:\Code\projects\Dodge\Dodge\vcpp\Dodge\Debug\FixedFunctionMode.obj
D:\Code\projects\Dodge\Dodge\vcpp\Dodge\Debug\Font.obj
D:\Code\projects\Dodge\Dodge\vcpp\Dodge\Debug\fOverlap.obj
D:\Code\projects\Dodge\Dodge\vcpp\Dodge\Debug\globals.obj
D:\Code\projects\Dodge\Dodge\vcpp\Dodge\Debug\KvpParser.obj
D:\Code\projects\Dodge\Dodge\vcpp\Dodge\Debug\LineSegment.obj
D:\Code\projects\Dodge\Dodge\vcpp\Dodge\Debug\MapLoader.obj
D:\Code\projects\Dodge\Dodge\vcpp\Dodge\Debug\Model.obj
D:\Code\projects\Dodge\Dodge\vcpp\Dodge\Debug\MusicTrack.obj
D:\Code\projects\Dodge\Dodge\vcpp\Dodge\Debug\NonTexturedAlphaMode.obj
D:\Code\projects\Dodge\Dodge\vcpp\Dodge\Debug\ParallaxSprite.obj
D:\Code\projects\Dodge\Dodge\vcpp\Dodge\Debug\Polygon.obj
D:\Code\projects\Dodge\Dodge\vcpp\Dodge\Debug\Quad.obj
D:\Code\projects\Dodge\Dodge\vcpp\Dodge\Debug\Range.obj
D:\Code\projects\Dodge\Dodge\vcpp\Dodge\Debug\Renderer.obj
D:\Code\projects\Dodge\Dodge\vcpp\Dodge\Debug\RenderMode.obj
D:\Code\projects\Dodge\Dodge\vcpp\Dodge\Debug\SceneGraph.obj
D:\Code\projects\Dodge\Dodge\vcpp\Dodge\Debug\ShapeFactory.obj
D:\Code\projects\Dodge\Dodge\vcpp\Dodge\Debug\Sound.obj
D:\Code\projects\Dodge\Dodge\vcpp\Dodge\Debug\Sprite.obj
D:\Code\projects\Dodge\Dodge\vcpp\Dodge\Debug\StackAllocator.obj
D:\Code\projects\Dodge\Dodge\vcpp\Dodge\Debug\StringId.obj
D:\Code\projects\Dodge\Dodge\vcpp\Dodge\Debug\TextEntity.obj
D:\Code\projects\Dodge\Dodge\vcpp\Dodge\Debug\Texture.obj
D:\Code\projects\Dodge\Dodge\vcpp\Dodge\Debug\TexturedAlphaMode.obj
D:\Code\projects\Dodge\Dodge\vcpp\Dodge\Debug\Timer.obj
D:\Code\projects\Dodge\Dodge\vcpp\Dodge\Debug\Transformation.obj
D:\Code\projects\Dodge\Dodge\vcpp\Dodge\Debug\TransPart.obj
D:\Code\projects\Dodge\Dodge\vcpp\Dodge\Debug\UiButton.obj
D:\Code\projects\Dodge\Dodge\vcpp\Dodge\Debug\Vec2f.obj
D:\Code\projects\Dodge\Dodge\vcpp\Dodge\Debug\Vec2i.obj
D:\Code\projects\Dodge\Dodge\vcpp\Dodge\Debug\Vec3f.obj
D:\Code\projects\Dodge\Dodge\vcpp\Dodge\Debug\Vec3i.obj
D:\Code\projects\Dodge\Dodge\vcpp\Dodge\Debug\WinIO.obj
D:\Code\projects\Dodge\Dodge\vcpp\Dodge\Debug\WorldSpace.obj
D:\Code\projects\Dodge\Dodge\vcpp\Dodge\Debug\XmlAttribute.obj
D:\Code\projects\Dodge\Dodge\vcpp\Dodge\Debug\XmlDocument.obj
D:\Code\projects\Dodge\Dodge\vcpp\Dodge\Debug\XmlNode.obj
D:\Code\projects\Dodge\Dodge\vcpp\Dodge\Debug\cl.command.1.tlog
D:\Code\projects\Dodge\Dodge\vcpp\Dodge\Debug\CL.read.1.tlog
D:\Code\projects\Dodge\Dodge\vcpp\Dodge\Debug\CL.write.1.tlog
D:\Code\projects\Dodge\Dodge\vcpp\Dodge\Debug\Lib-link.read.1.tlog
D:\Code\projects\Dodge\Dodge\vcpp\Dodge\Debug\Lib-link.write.1.tlog
D:\Code\projects\Dodge\Dodge\vcpp\Dodge\Debug\lib.command.1.tlog
D:\Code\projects\Dodge\Dodge\vcpp\Dodge\Debug\vc110.idb
D:\Code\projects\Dodge\Dodge\vcpp\Dodge\Debug\vc110.pdb
D:\Code\projects\Dodge\Dodge\vcpp\Dodge\..\..\lib\Dodge.lib
