D:\CODE\PROJECTS\DODGE\DEMO8\DEMO8\DEBUG\MAIN.OBJ
D:\CODE\PROJECTS\DODGE\DEMO8\DEMO8\DEBUG\VC110.PDB
D:\CODE\PROJECTS\DODGE\DEMO8\DEMO8.ILK
D:\CODE\PROJECTS\DODGE\DEMO8\DEMO8.EXE
D:\CODE\PROJECTS\DODGE\DEMO8\DEMO8.PDB
D:\Code\projects\Dodge\demo8\demo8\Debug\main.obj
D:\Code\projects\Dodge\demo8\demo8\Debug\cl.command.1.tlog
D:\Code\projects\Dodge\demo8\demo8\Debug\CL.read.1.tlog
D:\Code\projects\Dodge\demo8\demo8\Debug\CL.write.1.tlog
D:\Code\projects\Dodge\demo8\demo8\Debug\link.1988.read.1.tlog
D:\Code\projects\Dodge\demo8\demo8\Debug\link.1988.write.1.tlog
D:\Code\projects\Dodge\demo8\demo8\Debug\link.2104.read.1.tlog
D:\Code\projects\Dodge\demo8\demo8\Debug\link.2104.write.1.tlog
D:\Code\projects\Dodge\demo8\demo8\Debug\link.4080-cvtres.read.1.tlog
D:\Code\projects\Dodge\demo8\demo8\Debug\link.4080-cvtres.write.1.tlog
D:\Code\projects\Dodge\demo8\demo8\Debug\link.4080-rc.read.1.tlog
D:\Code\projects\Dodge\demo8\demo8\Debug\link.4080-rc.write.1.tlog
D:\Code\projects\Dodge\demo8\demo8\Debug\link.4080.read.1.tlog
D:\Code\projects\Dodge\demo8\demo8\Debug\link.4080.write.1.tlog
D:\Code\projects\Dodge\demo8\demo8\Debug\link.command.1.tlog
D:\Code\projects\Dodge\demo8\demo8\Debug\link.read.1.tlog
D:\Code\projects\Dodge\demo8\demo8\Debug\link.write.1.tlog
D:\Code\projects\Dodge\demo8\demo8\Debug\vc110.idb
D:\Code\projects\Dodge\demo8\demo8\Debug\vc110.pdb
D:\Code\projects\Dodge\demo8\demo8\..\demo8.exe
